#
# A fatal error has been detected by the Java Runtime Environment:
#
#  Internal Error (javaClasses.cpp:129), pid=7508, tid=7824
#  fatal error: Invalid layout of preloaded class
#
# JRE version: 7.0_21-b11
# Java VM: Java HotSpot(TM) Client VM (23.21-b01 mixed mode windows-x86 )
# Failed to write core dump. Minidumps are not enabled by default on client versions of Windows
#
# If you would like to submit a bug report, please visit:
#   http://bugreport.sun.com/bugreport/crash.jsp
#

---------------  T H R E A D  ---------------

Current thread (0x0220ac00):  JavaThread "Unknown thread" [_thread_in_vm, id=7824, stack(0x00f70000,0x00fc0000)]

Stack: [0x00f70000,0x00fc0000],  sp=0x00fbf868,  free space=318k
Native frames: (J=compiled Java code, j=interpreted, Vv=VM code, C=native code)
V  [jvm.dll+0x170511]
V  [jvm.dll+0x16a6b6]
V  [jvm.dll+0x2082f]
V  [jvm.dll+0x208b6]
V  [jvm.dll+0x2e5dd]
V  [jvm.dll+0x2e889]
V  [jvm.dll+0x77bd1]
V  [jvm.dll+0x77f8b]
V  [jvm.dll+0x12a1b1]
V  [jvm.dll+0x14ac6a]
V  [jvm.dll+0xa9eef]
C  [javaw.exe+0x13ca]
C  [javaw.exe+0x1e3c]
C  [javaw.exe+0xa5b1]
C  [javaw.exe+0xa63b]
C  [KERNEL32.dll+0x1866]  BaseThreadInitThunk+0x12
C  [ntdll.dll+0x368f1]  LdrInitializeThunk+0x1a3
C  [ntdll.dll+0x3689d]  LdrInitializeThunk+0x14f


---------------  P R O C E S S  ---------------

Java Threads: ( => current thread )

Other Threads:

=>0x0220ac00 (exited) JavaThread "Unknown thread" [_thread_in_vm, id=7824, stack(0x00f70000,0x00fc0000)]

VM state:not at safepoint (not fully initialized)

VM Mutex/Monitor currently owned by a thread: None

GC Heap History (0 events):
No events

Deoptimization events (0 events):
No events

Internal exceptions (0 events):
No events

Events (10 events):
Event: 0.052 loading class 0x02053e60 done
Event: 0.053 loading class 0x02035188 done
Event: 0.053 loading class 0x020353e0
Event: 0.064 loading class 0x0205ac28
Event: 0.065 loading class 0x0205ac28 done
Event: 0.065 loading class 0x0205ac60
Event: 0.065 loading class 0x0205ac60 done
Event: 0.065 loading class 0x02066d68
Event: 0.065 loading class 0x02066d68 done
Event: 0.065 loading class 0x020353e0 done


Dynamic libraries:
0x01120000 - 0x0114f000 	C:\Program Files\Java\jre7\bin\javaw.exe
0x76f20000 - 0x77087000 	C:\Windows\SYSTEM32\ntdll.dll
0x6d590000 - 0x6d5cf000 	C:\Program Files\AVAST Software\Avast\snxhk.dll
0x768f0000 - 0x769e8000 	C:\Windows\system32\KERNEL32.dll
0x747b0000 - 0x7486d000 	C:\Windows\system32\KERNELBASE.dll
0x761c0000 - 0x7626e000 	C:\Windows\system32\ADVAPI32.dll
0x74d00000 - 0x74e21000 	C:\Windows\system32\USER32.dll
0x727f0000 - 0x729e7000 	C:\Windows\WinSxS\x86_microsoft.windows.common-controls_6595b64144ccf1df_6.0.9200.16384_none_893961408605e985\COMCTL32.dll
0x76100000 - 0x761b1000 	C:\Windows\system32\msvcrt.dll
0x74ac0000 - 0x74af4000 	C:\Windows\SYSTEM32\sechost.dll
0x76d30000 - 0x76e02000 	C:\Windows\system32\RPCRT4.dll
0x76e10000 - 0x76f1a000 	C:\Windows\system32\GDI32.dll
0x76270000 - 0x7629b000 	C:\Windows\system32\IMM32.DLL
0x76a50000 - 0x76b2d000 	C:\Windows\system32\MSCTF.dll
0x774a0000 - 0x7755e000 	C:\Program Files\Java\jre7\bin\msvcr100.dll
0x6e720000 - 0x6ea6f000 	C:\Program Files\Java\jre7\bin\client\jvm.dll
0x72430000 - 0x72438000 	C:\Windows\SYSTEM32\WSOCK32.dll
0x6ee20000 - 0x6ee41000 	C:\Windows\SYSTEM32\WINMM.dll
0x769f0000 - 0x769f6000 	C:\Windows\system32\PSAPI.DLL
0x76a00000 - 0x76a50000 	C:\Windows\system32\WS2_32.dll
0x6ebf0000 - 0x6ec1a000 	C:\Windows\SYSTEM32\WINMMBASE.dll
0x76610000 - 0x76618000 	C:\Windows\system32\NSI.dll
0x73310000 - 0x7331c000 	C:\Program Files\Java\jre7\bin\verify.dll
0x6e5c0000 - 0x6e5e0000 	C:\Program Files\Java\jre7\bin\java.dll
0x6c720000 - 0x6c733000 	C:\Program Files\Java\jre7\bin\zip.dll
0x70e70000 - 0x70f99000 	C:\Windows\SYSTEM32\dbghelp.dll

VM Arguments:
jvm_args: -Dfile.encoding=GBK -Xbootclasspath:C:\Users\feng\android-sdks\platforms\android-7\android.jar 
java_command: findix.meetingreminder.analysis.TestTime
Launcher Type: SUN_STANDARD

Environment Variables:
PATH=C:/Program Files/Java/jre7/bin/client;C:/Program Files/Java/jre7/bin;C:/Program Files/Java/jre7/lib/i386;C:\Program Files\AMD APP\bin\x86;C:\Windows\system32;C:\Windows;C:\Windows\System32\Wbem;C:\Windows\System32\WindowsPowerShell\v1.0\;C:\Program Files\ATI Technologies\ATI.ACE\Core-Static;C:\Program Files\Microsoft SQL Server\100\Tools\Binn\;C:\Program Files\Microsoft SQL Server\100\DTS\Binn\;C:\Program Files\MacType;C:\Program Files\Eclipse;
USERNAME=feng
OS=Windows_NT
PROCESSOR_IDENTIFIER=x86 Family 18 Model 1 Stepping 0, AuthenticAMD



---------------  S Y S T E M  ---------------

OS: Windows 8 Build 9200 

CPU:total 4 (4 cores per cpu, 1 threads per core) family 18 model 1 stepping 0, cmov, cx8, fxsr, mmx, sse, sse2, sse3, popcnt, mmxext, 3dnowpref, lzcnt, sse4a, tsc, tscinvbit, tscinv

Memory: 4k page, physical 2873452k(863328k free), swap 5328744k(1086736k free)

vm_info: Java HotSpot(TM) Client VM (23.21-b01) for windows-x86 JRE (1.7.0_21-b11), built on Apr  4 2013 04:43:10 by "java_re" with unknown MS VC++:1600

time: Sat May 04 14:44:44 2013
elapsed time: 0 seconds

